<?xml version="1.0" encoding="UTF-8"?>
<!-- Generated by org.testng.reporters.JUnitReportReporter -->
<testsuite hostname="DESKTOP-9QATJ4C" failures="0" tests="2" name="tests.TestScenario1" time="3.318" errors="0" timestamp="2022-09-02T11:34:23 IST" skipped="0">
  <testcase classname="tests.TestScenario1" name="verifyUrl" time="2.982"/>
  <system-out/>
  <testcase classname="tests.TestScenario1" name="verifyEnteredMessage" time="0.336"/>
  <system-out/>
</testsuite> <!-- tests.TestScenario1 -->
